0 info it worked if it ends with ok
1 verbose cli [ 'C:\\Program Files\\nodejs\\node.exe',
1 verbose cli   'C:\\Program Files\\nodejs\\node_modules\\npm\\bin\\npm-cli.js',
1 verbose cli   'start' ]
2 info using npm@3.10.3
3 info using node@v6.3.1
4 verbose run-script [ 'prestart', 'start', 'poststart' ]
5 info lifecycle reactnativewithnativeapp@1.0.0~prestart: reactnativewithnativeapp@1.0.0
6 silly lifecycle reactnativewithnativeapp@1.0.0~prestart: no script for prestart, continuing
7 info lifecycle reactnativewithnativeapp@1.0.0~start: reactnativewithnativeapp@1.0.0
8 verbose lifecycle reactnativewithnativeapp@1.0.0~start: unsafe-perm in lifecycle true
9 verbose lifecycle reactnativewithnativeapp@1.0.0~start: PATH: C:\Program Files\nodejs\node_modules\npm\bin\node-gyp-bin;D:\react-native\ReactNativeWithNativeApp\node_modules\.bin;C:\Program Files\nodejs;C:\ProgramData\Oracle\Java\javapath;C:\windows\system32;C:\windows;C:\windows\System32\Wbem;C:\windows\System32\WindowsPowerShell\v1.0\; C:\Program Files\Java\jdk1.7.0_80\bin;C:\Program Files\Java\jdk1.7.0_80\jre\bin;C:\Users\Administrator\AppData\Local\Android\sdk\platform-tools;C:\Program Files (x86)\NVIDIA Corporation\PhysX\Common;C:\ProgramData\chocolatey\bin;C:\Program Files\nodejs\;C:\tools\python2;C:\Users\Administrator\AppData\Roaming\npm
10 verbose lifecycle reactnativewithnativeapp@1.0.0~start: CWD: D:\react-native\ReactNativeWithNativeApp
11 silly lifecycle reactnativewithnativeapp@1.0.0~start: Args: [ '/d /s /c',
11 silly lifecycle   'node node_modules/react-native/local-cli/cli.js start' ]
12 silly lifecycle reactnativewithnativeapp@1.0.0~start: Returned: code: 1  signal: null
13 info lifecycle reactnativewithnativeapp@1.0.0~start: Failed to exec start script
14 verbose stack Error: reactnativewithnativeapp@1.0.0 start: `node node_modules/react-native/local-cli/cli.js start`
14 verbose stack Exit status 1
14 verbose stack     at EventEmitter.<anonymous> (C:\Program Files\nodejs\node_modules\npm\lib\utils\lifecycle.js:242:16)
14 verbose stack     at emitTwo (events.js:106:13)
14 verbose stack     at EventEmitter.emit (events.js:191:7)
14 verbose stack     at ChildProcess.<anonymous> (C:\Program Files\nodejs\node_modules\npm\lib\utils\spawn.js:40:14)
14 verbose stack     at emitTwo (events.js:106:13)
14 verbose stack     at ChildProcess.emit (events.js:191:7)
14 verbose stack     at maybeClose (internal/child_process.js:852:16)
14 verbose stack     at Process.ChildProcess._handle.onexit (internal/child_process.js:215:5)
15 verbose pkgid reactnativewithnativeapp@1.0.0
16 verbose cwd D:\react-native\ReactNativeWithNativeApp
17 error Windows_NT 6.1.7601
18 error argv "C:\\Program Files\\nodejs\\node.exe" "C:\\Program Files\\nodejs\\node_modules\\npm\\bin\\npm-cli.js" "start"
19 error node v6.3.1
20 error npm  v3.10.3
21 error code ELIFECYCLE
22 error reactnativewithnativeapp@1.0.0 start: `node node_modules/react-native/local-cli/cli.js start`
22 error Exit status 1
23 error Failed at the reactnativewithnativeapp@1.0.0 start script 'node node_modules/react-native/local-cli/cli.js start'.
23 error Make sure you have the latest version of node.js and npm installed.
23 error If you do, this is most likely a problem with the reactnativewithnativeapp package,
23 error not with npm itself.
23 error Tell the author that this fails on your system:
23 error     node node_modules/react-native/local-cli/cli.js start
23 error You can get information on how to open an issue for this project with:
23 error     npm bugs reactnativewithnativeapp
23 error Or if that isn't available, you can get their info via:
23 error     npm owner ls reactnativewithnativeapp
23 error There is likely additional logging output above.
24 verbose exit [ 1, true ]
